SF:lib\_shared\exceptions\invalid_response_exception.dart
DA:8,2
LF:1
LH:1
end_of_record
SF:lib\af_core\company_management\entities\company.dart
DA:18,0
DA:19,0
DA:21,0
DA:22,0
DA:23,0
DA:24,0
DA:25,0
DA:26,0
DA:27,0
DA:28,0
DA:29,0
DA:30,0
DA:31,0
DA:35,0
DA:39,0
DA:40,0
DA:41,0
DA:42,0
DA:43,0
DA:44,0
DA:45,0
DA:46,0
DA:47,0
DA:52,0
DA:54,0
DA:56,0
DA:58,0
DA:60,0
DA:62,0
DA:64,0
DA:66,0
LF:31
LH:0
end_of_record
SF:lib\af_core\company_management\entities\credentials.dart
DA:7,0
DA:9,0
DA:11,0
DA:12,0
LF:4
LH:0
end_of_record
SF:lib\af_core\company_management\services\current_company_provider.dart
DA:18,0
DA:21,0
DA:22,0
DA:23,0
DA:25,0
DA:26,0
DA:29,0
DA:30,0
DA:33,0
DA:35,0
DA:36,0
DA:37,0
DA:38,0
DA:39,0
DA:40,0
DA:43,0
DA:44,0
DA:45,0
DA:46,0
DA:47,0
DA:48,0
DA:49,0
DA:56,0
DA:57,0
DA:59,0
DA:61,0
DA:64,0
DA:66,0
DA:69,0
LF:29
LH:0
end_of_record
SF:lib\ui.companyLogin\ui\presenters\company_login_presenter.dart
DA:11,0
DA:13,1
DA:15,1
DA:16,2
DA:17,1
DA:18,2
DA:21,2
DA:22,3
DA:23,2
DA:24,2
DA:25,1
DA:26,2
DA:27,3
DA:31,1
DA:34,1
DA:36,2
LF:16
LH:15
end_of_record
SF:lib\_shared\constants\base_urls.dart
DA:8,0
LF:1
LH:0
end_of_record
SF:lib\_shared\constants\device_info.dart
DA:9,0
DA:10,0
DA:11,0
DA:12,0
DA:13,0
DA:14,0
DA:15,0
DA:16,0
DA:17,0
DA:18,0
DA:19,0
DA:25,0
DA:26,0
DA:27,0
DA:28,0
DA:29,0
DA:30,0
DA:31,0
DA:32,0
DA:33,0
DA:34,0
DA:35,0
DA:41,0
DA:42,0
DA:43,0
DA:44,0
DA:45,0
DA:48,0
DA:49,0
DA:50,0
DA:53,0
DA:54,0
DA:57,0
LF:33
LH:0
end_of_record
SF:lib\_shared\local_storage\secure_shared_prefs.dart
DA:10,0
DA:11,0
DA:12,0
DA:13,0
DA:14,0
DA:17,0
DA:18,0
DA:20,0
DA:24,0
DA:29,0
DA:30,0
DA:34,0
DA:35,0
DA:36,0
DA:39,0
DA:40,0
DA:41,0
DA:42,0
DA:45,0
DA:46,0
DA:47,0
DA:48,0
LF:22
LH:0
end_of_record
SF:lib\_shared\exceptions\af_exception.dart
DA:5,1
LF:1
LH:1
end_of_record
SF:lib\_shared\exceptions\mapping_exception.dart
DA:7,0
LF:1
LH:0
end_of_record
SF:lib\_shared\json_serialisation_base\json_initializable.dart
DA:2,0
LF:1
LH:0
end_of_record
SF:lib\af_core\af_api\entities\api_request.dart
DA:11,0
DA:13,0
DA:15,0
DA:16,0
DA:19,0
DA:20,0
DA:23,0
DA:24,0
DA:27,0
DA:28,0
LF:10
LH:0
end_of_record
SF:lib\af_core\af_api\entities\api_response.dart
DA:9,0
LF:1
LH:0
end_of_record
SF:lib\af_core\af_api\exceptions\api_exception.dart
DA:7,0
DA:11,0
LF:2
LH:0
end_of_record
SF:lib\af_core\af_api\exceptions\http_exception.dart
DA:10,0
DA:13,0
LF:2
LH:0
end_of_record
SF:lib\af_core\af_api\exceptions\malformed_response_exception.dart
DA:10,0
LF:1
LH:0
end_of_record
SF:lib\af_core\af_api\exceptions\network_failure_exception.dart
DA:9,0
LF:1
LH:0
end_of_record
SF:lib\af_core\af_api\exceptions\request_exception.dart
DA:9,0
LF:1
LH:0
end_of_record
SF:lib\af_core\af_api\exceptions\server_sent_exception.dart
DA:10,0
DA:13,0
DA:14,0
LF:3
LH:0
end_of_record
SF:lib\af_core\af_api\exceptions\unexpected_response_format_exception.dart
DA:9,0
LF:1
LH:0
end_of_record
SF:lib\af_core\af_api\services\af_api.dart
DA:19,0
DA:20,0
DA:21,0
DA:24,0
DA:27,0
DA:28,0
DA:30,0
DA:31,0
DA:32,0
DA:33,0
DA:34,0
DA:42,0
DA:43,0
DA:45,0
DA:46,0
DA:47,0
DA:48,0
DA:49,0
DA:57,0
DA:58,0
DA:60,0
DA:61,0
DA:62,0
DA:63,0
DA:64,0
DA:72,0
DA:73,0
DA:75,0
DA:76,0
DA:77,0
DA:78,0
DA:79,0
DA:86,0
DA:87,0
DA:88,0
DA:89,0
DA:90,0
DA:99,0
DA:100,0
DA:101,0
DA:104,0
DA:105,0
DA:107,0
DA:109,0
DA:110,0
LF:45
LH:0
end_of_record
SF:lib\af_core\af_api\services\afapi_response_processor.dart
DA:10,0
DA:11,0
DA:14,0
DA:15,0
DA:16,0
DA:19,0
DA:20,0
DA:23,0
DA:26,0
DA:37,0
DA:42,0
DA:43,0
DA:49,0
DA:50,0
DA:52,0
DA:53,0
DA:54,0
DA:56,0
LF:18
LH:0
end_of_record
SF:lib\af_core\af_api\services\network_request_executor.dart
DA:19,0
DA:20,0
DA:31,0
DA:32,0
DA:36,0
DA:37,0
DA:41,0
DA:42,0
DA:46,0
DA:47,0
DA:50,0
DA:51,0
DA:54,0
DA:55,0
DA:56,0
DA:57,0
DA:59,0
DA:60,0
DA:63,0
DA:64,0
DA:65,0
DA:69,0
DA:70,0
DA:73,0
DA:75,0
DA:76,0
DA:78,0
DA:82,0
DA:83,0
DA:85,0
DA:88,0
LF:31
LH:0
end_of_record
SF:lib\af_core\company_management\constants\company_management_urls.dart
DA:7,0
DA:8,0
LF:2
LH:0
end_of_record
SF:lib\af_core\company_management\repositories\company_repository.dart
DA:10,0
DA:11,0
DA:15,0
DA:16,0
DA:19,0
LF:5
LH:0
end_of_record
